> Task :compileJava FAILED

FAILURE: Build failed with an exception.

* What went wrong:
Execution failed for task ':compileJava'.
> Unable to delete directory 'C:\Users\USER\OneDrive\Antigravity\AI_Kiosk\Backend\build\classes\java\main'
    Failed to delete some children. This might happen because a process has files open or has its working directory set in the target directory.
    - C:\Users\USER\OneDrive\Antigravity\AI_Kiosk\Backend\build\classes\java\main\com\fusioncrew\aikiosk\global\common
    - C:\Users\USER\OneDrive\Antigravity\AI_Kiosk\Backend\build\classes\java\main\com\fusioncrew\aikiosk\global
    - C:\Users\USER\OneDrive\Antigravity\AI_Kiosk\Backend\build\classes\java\main\com\fusioncrew\aikiosk
    - C:\Users\USER\OneDrive\Antigravity\AI_Kiosk\Backend\build\classes\java\main\com\fusioncrew
    - C:\Users\USER\OneDrive\Antigravity\AI_Kiosk\Backend\build\classes\java\main\com

* Try:
> Run with --stacktrace option to get the stack trace.
> Run with --info or --debug option to get more log output.
> Run with --scan to get full insights.
> Get more help at https://help.gradle.org.

BUILD FAILED in 1s
1 actionable task: 1 executed
